stat_points_none boot_reason=sys_reset|1557742639
stat_points_none plugin_off=
stat_points_none plugin_off=
stat_points_none plugin_off=
stat_points_none gel_log_boot_time=52
stat_points_none datacenter_api_duration=631:9:-1
"stat_points_none luci_config=type:0,step:init_web_hello"
stat_points_none datacenter_api_duration=631:7:-1
"stat_points_none luci_config=type:0,step:init_web_nomode"
"stat_points_none luci_config=type:0,step:nomode_retry"
"stat_points_none luci_config=type:0,step:init_web_nomode"
"stat_points_none luci_config=type:0,step:nomode_rechoose"
stat_points_none datacenter_api_duration=631:8:-1
stat_points_none datacenter_api_duration=631:7:-1
"stat_points_none luci_config=type:0,step:init_web_dhcp_done"
stat_points_none datacenter_api_duration=631:7:-1
stat_points_none datacenter_api_duration=631:7:-1
stat_points_none datacenter_api_duration=631:9:-1
stat_points_none network_2.4G_use=2
stat_points_none network_5G_use=0
stat_points_none network_guest_use=0
stat_points_none wrsst_lrconf=-3999
stat_points_none ng_log_failed_count=1
stat_points_none ng_log_failed_count=1
stat_points_none ng_log_failed_count=1
stat_points_none netdig_info=0,www.taobao.com,www.taobao.com,175.174.56.187:,9.980,10.300,10.640,0,4,4,0,0,1557746745
stat_points_none netdig_info=0,www.21cn.com,www.21cn.com,218.60.102.157:,11.700,12.170,13.460,0,4,4,0,0,1557746748
stat_points_none netdig_info=0,www.letv.com,www.letv.com,101.236.15.226:,21.640,21.800,22.000,0,4,4,0,0,1557746751
stat_points_none netdig_info=0,www.ifeng.com,www.ifeng.com,124.95.173.12:,9.520,9.580,9.620,0,4,4,0,0,1557746754
stat_points_none netdig_info=0,www.cntv.cn,www.cntv.cn,222.163.80.15:,20.500,20.710,21.240,0,4,4,0,0,1557746758
stat_points_none log_up_file=hourly,61
stat_points_none netdig_info=0,tv.sohu.com,tv.sohu.com,218.60.6.130:,9.300,9.935,10.480,0,4,4,0,0,1557746761
stat_points_none netdig_info=0,www.chinaz.com,www.chinaz.com,61.161.