stat_points_privacy network_traffic_10min=1150
stat_points_privacy network_traffic_10min=1710386
stat_points_privacy network_traffic_10min=1178802
stat_points_privacy network_traffic_10min=27141
stat_points_privacy network_traffic_10min=26224
stat_points_privacy network_traffic_10min=37499
stat_points_privacy network_device_station=54:05:DB:03:1D:00|608|317271|499234|eth0.1||tyza66|0|487280|0|0
stat_points_privacy network_device_station=A2:38:79:D5:A0:02|831|686553|1636059|wl1||Mi-10-Ultra|0|1635807|0|0
stat_points_privacy network_device_station=38:68:93:8A:28:A2|445|278409|364707|wl1||tyza66|0|364707|0|0
stat_points_privacy network_max_traffic_internal=540032
stat_points_privacy network_max_traffic_external=507437
stat_points_privacy network_max_traffic_external_upload=29724
stat_points_privacy network_2.4G_minutes=21
stat_points_privacy network_5G_minutes=0
stat_points_privacy network_guest_minutes=0
stat_points_privacy network_traffic=4559825
stat_points_privacy network_max_mac=2
stat_points_privacy network_traffic_10min=28425
stat_points_privacy network_traffic_10min=52530
stat_points_privacy network_traffic_10min=13909124
stat_points_privacy network_traffic_10min=930326
stat_points_privacy dns_forward_time=945,0,30,0
stat_points_privacy network_traffic_10min=4691485
stat_points_privacy lan_port_count=0
stat_points_privacy net_mode=router
stat_points_privacy wan_proto=dhcp
stat_points_privacy network_traffic_10min=1004263
stat_points_privacy network_device_station=54:05:DB:03:1D:00|596|315832|497346|eth0.1||tyza66|0|497346|0|0
stat_points_privacy network_device_station=A2:38:79:D5:A0:02|2765|3734093|21701556|wl1||Mi-10-Ultra|0|21688393|0|0
stat_points_privacy network_device_station=38:68:93:8A:28:A2|2164|1476823|1934083|wl1||tyza66|0|1934083|0|0
stat_points_privacy network_max_traffic_internal=1119392
stat_points_privacy network_max_traffic_external=1039910
stat_points_privacy network_max_t